build/app/outputs/mapping/release/mapping.txt
# compiler: R8
# compiler_version: 1.5.64
# min_api: 16
# pg_map_id: 4817cc7
...
io.flutter.embedding.android.FlutterSurfaceView$2 -> io.flutter.embedding.android.i$b:
    io.flutter.embedding.android.FlutterSurfaceView this$0 -> a
    void onFlutterUiDisplayed() -> a
    void onFlutterUiNoLongerDisplayed() -> b
io.flutter.embedding.android.FlutterTextureView -> io.flutter.embedding.android.j:
    io.flutter.embedding.engine.renderer.FlutterRenderer flutterRenderer -> c
    android.view.TextureView$SurfaceTextureListener surfaceTextureListener -> e
    android.view.Surface renderSurface -> d
    boolean isSurfaceAvailableForRendering -> a
    boolean isAttachedToFlutterRenderer -> b
    boolean access$002(io.flutter.embedding.android.FlutterTextureView,boolean) -> a
    boolean access$100(io.flutter.embedding.android.FlutterTextureView) -> a
    void access$300(io.flutter.embedding.android.FlutterTextureView,int,int) -> a
    void attachToRenderer(io.flutter.embedding.engine.renderer.FlutterRenderer) -> a
    void changeSurfaceSize(int,int) -> a
    void detachFromRenderer() -> a
    void access$200(io.flutter.embedding.android.FlutterTextureView) -> b
    void connectSurfaceToRenderer() -> b
    void access$400(io.flutter.embedding.android.FlutterTextureView) -> c
    void disconnectSurfaceFromRenderer() -> c
    void init() -> d
io.flutter.embedding.android.FlutterTextureView$1 -> io.flutter.embedding.android.j$a:
    io.flutter.embedding.android.FlutterTextureView this$0 -> a
io.flutter.embedding.android.FlutterView -> io.flutter.embedding.android.k:
    io.flutter.embedding.android.FlutterTextureView flutterTextureView -> b
    io.flutter.embedding.engine.FlutterEngine flutterEngine -> f
    io.flutter.plugin.editing.TextInputPlugin textInputPlugin -> h
    io.flutter.embedding.android.FlutterSurfaceView flutterSurfaceView -> a
    io.flutter.embedding.engine.renderer.FlutterRenderer$ViewportMetrics viewportMetrics -> l
    java.util.Set flutterEngineAttachmentListeners -> g
    io.flutter.view.AccessibilityBridge accessibilityBridge -> k
    io.flutter.embedding.engine.renderer.RenderSurface renderSurface -> c
    io.flutter.embedding.android.AndroidKeyProcessor androidKeyProcessor -> i
    io.flutter.embedding.engine.renderer.FlutterUiDisplayListener flutterUiDisplayListener -> n
    java.util.Set flutterUiDisplayListeners -> d
    boolean isFlutterUiDisplayed -> e
    io.flutter.view.AccessibilityBridge$OnAccessibilityChangeListener onAccessibilityChangeListener -> m
    io.flutter.embedding.android.AndroidTouchProcessor androidTouchProcessor -> j
    void access$000(io.flutter.embedding.android.FlutterView,boolean,boolean) -> a
    boolean access$102(io.flutter.embedding.android.FlutterView,boolean) -> a
    java.util.Set access$200(io.flutter.embedding.android.FlutterView) -> a
    void addFlutterEngineAttachmentListener(io.flutter.embedding.android.FlutterView$FlutterEngineAttachmentListener) -> a
io.flutter.embedding.android.FlutterView$1 -> io.flutter.embedding.android.k$a:
    io.flutter.embedding.android.FlutterView this$0 -> a
    void onAccessibilityChanged(boolean,boolean) -> a
io.flutter.embedding.android.FlutterView$2 -> io.flutter.embedding.android.k$b:
    io.flutter.embedding.android.FlutterView this$0 -> a
    void onFlutterUiDisplayed() -> a
    void onFlutterUiNoLongerDisplayed() -> b
io.flutter.embedding.android.FlutterView$FlutterEngineAttachmentListener -> io.flutter.embedding.android.k$c:
    void onFlutterEngineAttachedToFlutterView(io.flutter.embedding.engine.FlutterEngine) -> a
    void onFlutterEngineDetachedFromFlutterView() -> a
io.flutter.embedding.android.RenderMode -> io.flutter.embedding.android.l:
    io.flutter.embedding.android.RenderMode texture -> b
    io.flutter.embedding.android.RenderMode[] $VALUES -> c
    io.flutter.embedding.android.RenderMode surface -> a